{"D:\\proj\\SW_inventory\\SW_inventory\\src\\lib\\constants\\validation.ts": {"path":"D:\\proj\\SW_inventory\\SW_inventory\\src\\lib\\constants\\validation.ts","statementMap":{"0":{"start":{"line":6,"column":28},"end":{"line":6,"column":null}},"1":{"start":{"line":8,"column":1},"end":{"line":8,"column":null}},"2":{"start":{"line":11,"column":29},"end":{"line":19,"column":null}},"3":{"start":{"line":22,"column":26},"end":{"line":26,"column":null}},"4":{"start":{"line":29,"column":28},"end":{"line":38,"column":null}},"5":{"start":{"line":43,"column":29},"end":{"line":50,"column":null}}},"fnMap":{},"branchMap":{},"s":{"0":3,"1":3,"2":3,"3":3,"4":3,"5":3},"f":{},"b":{},"meta":{"lastBranch":0,"lastFunction":0,"lastStatement":6,"seen":{"s:6:28:6:Infinity":0,"s:8:1:8:Infinity":1,"s:11:29:19:Infinity":2,"s:22:26:26:Infinity":3,"s:29:28:38:Infinity":4,"s:43:29:50:Infinity":5}}}
,"D:\\proj\\SW_inventory\\SW_inventory\\src\\lib\\schemas\\customer.ts": {"path":"D:\\proj\\SW_inventory\\SW_inventory\\src\\lib\\schemas\\customer.ts","statementMap":{"0":{"start":{"line":10,"column":27},"end":{"line":21,"column":null}},"1":{"start":{"line":27,"column":30},"end":{"line":30,"column":null}},"2":{"start":{"line":36,"column":36},"end":{"line":39,"column":null}}},"fnMap":{},"branchMap":{},"s":{"0":1,"1":1,"2":1},"f":{},"b":{},"meta":{"lastBranch":0,"lastFunction":0,"lastStatement":3,"seen":{"s:10:27:21:Infinity":0,"s:27:30:30:Infinity":1,"s:36:36:39:Infinity":2}}}
,"D:\\proj\\SW_inventory\\SW_inventory\\src\\lib\\schemas\\software.ts": {"path":"D:\\proj\\SW_inventory\\SW_inventory\\src\\lib\\schemas\\software.ts","statementMap":{"0":{"start":{"line":7,"column":37},"end":{"line":10,"column":null}},"1":{"start":{"line":13,"column":43},"end":{"line":32,"column":null}},"2":{"start":{"line":18,"column":2},"end":{"line":20,"column":null}},"3":{"start":{"line":19,"column":3},"end":{"line":19,"column":null}},"4":{"start":{"line":21,"column":2},"end":{"line":21,"column":null}},"5":{"start":{"line":24,"column":2},"end":{"line":26,"column":null}},"6":{"start":{"line":25,"column":3},"end":{"line":25,"column":null}},"7":{"start":{"line":27,"column":2},"end":{"line":27,"column":null}},"8":{"start":{"line":34,"column":30},"end":{"line":43,"column":null}},"9":{"start":{"line":45,"column":36},"end":{"line":47,"column":null}},"10":{"start":{"line":50,"column":42},"end":{"line":73,"column":null}},"11":{"start":{"line":63,"column":2},"end":{"line":66,"column":null}},"12":{"start":{"line":64,"column":26},"end":{"line":64,"column":null}},"13":{"start":{"line":64,"column":50},"end":{"line":64,"column":62}},"14":{"start":{"line":65,"column":3},"end":{"line":65,"column":null}},"15":{"start":{"line":67,"column":2},"end":{"line":67,"column":null}}},"fnMap":{"0":{"name":"(anonymous_0)","decl":{"start":{"line":17,"column":49},"end":{"line":17,"column":50}},"loc":{"start":{"line":17,"column":58},"end":{"line":22,"column":2}},"line":17},"1":{"name":"(anonymous_1)","decl":{"start":{"line":23,"column":51},"end":{"line":23,"column":52}},"loc":{"start":{"line":23,"column":60},"end":{"line":28,"column":2}},"line":23},"2":{"name":"(anonymous_2)","decl":{"start":{"line":61,"column":1},"end":{"line":61,"column":2}},"loc":{"start":{"line":61,"column":11},"end":{"line":68,"column":null}},"line":61},"3":{"name":"(anonymous_3)","decl":{"start":{"line":64,"column":45},"end":{"line":64,"column":50}},"loc":{"start":{"line":64,"column":50},"end":{"line":64,"column":62}},"line":64}},"branchMap":{"0":{"loc":{"start":{"line":18,"column":2},"end":{"line":20,"column":null}},"type":"if","locations":[{"start":{"line":18,"column":2},"end":{"line":20,"column":null}},{"start":{},"end":{}}],"line":18},"1":{"loc":{"start":{"line":24,"column":2},"end":{"line":26,"column":null}},"type":"if","locations":[{"start":{"line":24,"column":2},"end":{"line":26,"column":null}},{"start":{},"end":{}}],"line":24},"2":{"loc":{"start":{"line":25,"column":10},"end":{"line":25,"column":null}},"type":"cond-expr","locations":[{"start":{"line":25,"column":16},"end":{"line":25,"column":32}},{"start":{"line":25,"column":32},"end":{"line":25,"column":null}}],"line":25},"3":{"loc":{"start":{"line":63,"column":2},"end":{"line":66,"column":null}},"type":"if","locations":[{"start":{"line":63,"column":2},"end":{"line":66,"column":null}},{"start":{},"end":{}}],"line":63},"4":{"loc":{"start":{"line":63,"column":6},"end":{"line":63,"column":49}},"type":"binary-expr","locations":[{"start":{"line":63,"column":6},"end":{"line":63,"column":23}},{"start":{"line":63,"column":23},"end":{"line":63,"column":49}}],"line":63},"5":{"loc":{"start":{"line":65,"column":10},"end":{"line":65,"column":null}},"type":"binary-expr","locations":[{"start":{"line":65,"column":10},"end":{"line":65,"column":28}},{"start":{"line":65,"column":28},"end":{"line":65,"column":null}}],"line":65}},"s":{"0":1,"1":1,"2":7,"3":7,"4":0,"5":2,"6":2,"7":0,"8":1,"9":1,"10":1,"11":0,"12":0,"13":0,"14":0,"15":0},"f":{"0":7,"1":2,"2":0,"3":0},"b":{"0":[7,0],"1":[2,0],"2":[2,0],"3":[0,0],"4":[0,0],"5":[0,0]},"meta":{"lastBranch":6,"lastFunction":4,"lastStatement":16,"seen":{"s:7:37:10:Infinity":0,"s:13:43:32:Infinity":1,"f:17:49:17:50":0,"b:18:2:20:Infinity:undefined:undefined:undefined:undefined":0,"s:18:2:20:Infinity":2,"s:19:3:19:Infinity":3,"s:21:2:21:Infinity":4,"f:23:51:23:52":1,"b:24:2:26:Infinity:undefined:undefined:undefined:undefined":1,"s:24:2:26:Infinity":5,"s:25:3:25:Infinity":6,"b:25:16:25:32:25:32:25:Infinity":2,"s:27:2:27:Infinity":7,"s:34:30:43:Infinity":8,"s:45:36:47:Infinity":9,"s:50:42:73:Infinity":10,"f:61:1:61:2":2,"b:63:2:66:Infinity:undefined:undefined:undefined:undefined":3,"s:63:2:66:Infinity":11,"b:63:6:63:23:63:23:63:49":4,"s:64:26:64:Infinity":12,"f:64:45:64:50":3,"s:64:50:64:62":13,"s:65:3:65:Infinity":14,"b:65:10:65:28:65:28:65:Infinity":5,"s:67:2:67:Infinity":15}}}
,"D:\\proj\\SW_inventory\\SW_inventory\\src\\lib\\schemas\\vendor.ts": {"path":"D:\\proj\\SW_inventory\\SW_inventory\\src\\lib\\schemas\\vendor.ts","statementMap":{"0":{"start":{"line":10,"column":25},"end":{"line":22,"column":null}},"1":{"start":{"line":28,"column":28},"end":{"line":31,"column":null}},"2":{"start":{"line":37,"column":34},"end":{"line":40,"column":null}}},"fnMap":{},"branchMap":{},"s":{"0":1,"1":1,"2":1},"f":{},"b":{},"meta":{"lastBranch":0,"lastFunction":0,"lastStatement":3,"seen":{"s:10:25:22:Infinity":0,"s:28:28:31:Infinity":1,"s:37:34:40:Infinity":2}}}
,"D:\\proj\\SW_inventory\\SW_inventory\\src\\lib\\utils\\date-format.ts": {"path":"D:\\proj\\SW_inventory\\SW_inventory\\src\\lib\\utils\\date-format.ts","statementMap":{"0":{"start":{"line":6,"column":11},"end":{"line":6,"column":null}},"1":{"start":{"line":7,"column":1},"end":{"line":11,"column":null}},"2":{"start":{"line":15,"column":11},"end":{"line":15,"column":null}},"3":{"start":{"line":16,"column":1},"end":{"line":22,"column":null}},"4":{"start":{"line":26,"column":11},"end":{"line":26,"column":null}},"5":{"start":{"line":27,"column":13},"end":{"line":27,"column":null}},"6":{"start":{"line":28,"column":16},"end":{"line":28,"column":null}},"7":{"start":{"line":29,"column":18},"end":{"line":29,"column":null}},"8":{"start":{"line":30,"column":19},"end":{"line":30,"column":null}},"9":{"start":{"line":31,"column":18},"end":{"line":31,"column":null}},"10":{"start":{"line":33,"column":1},"end":{"line":33,"column":null}},"11":{"start":{"line":33,"column":19},"end":{"line":33,"column":null}},"12":{"start":{"line":34,"column":1},"end":{"line":34,"column":null}},"13":{"start":{"line":34,"column":20},"end":{"line":34,"column":null}},"14":{"start":{"line":35,"column":1},"end":{"line":35,"column":null}},"15":{"start":{"line":35,"column":21},"end":{"line":35,"column":null}},"16":{"start":{"line":36,"column":1},"end":{"line":36,"column":null}},"17":{"start":{"line":36,"column":20},"end":{"line":36,"column":null}},"18":{"start":{"line":38,"column":1},"end":{"line":38,"column":null}}},"fnMap":{"0":{"name":"formatDate","decl":{"start":{"line":5,"column":16},"end":{"line":5,"column":27}},"loc":{"start":{"line":5,"column":56},"end":{"line":12,"column":null}},"line":5},"1":{"name":"formatDateTime","decl":{"start":{"line":14,"column":16},"end":{"line":14,"column":31}},"loc":{"start":{"line":14,"column":60},"end":{"line":23,"column":null}},"line":14},"2":{"name":"formatRelativeTime","decl":{"start":{"line":25,"column":16},"end":{"line":25,"column":35}},"loc":{"start":{"line":25,"column":64},"end":{"line":39,"column":null}},"line":25}},"branchMap":{"0":{"loc":{"start":{"line":6,"column":11},"end":{"line":6,"column":null}},"type":"cond-expr","locations":[{"start":{"line":6,"column":38},"end":{"line":6,"column":55}},{"start":{"line":6,"column":55},"end":{"line":6,"column":null}}],"line":6},"1":{"loc":{"start":{"line":15,"column":11},"end":{"line":15,"column":null}},"type":"cond-expr","locations":[{"start":{"line":15,"column":38},"end":{"line":15,"column":55}},{"start":{"line":15,"column":55},"end":{"line":15,"column":null}}],"line":15},"2":{"loc":{"start":{"line":26,"column":11},"end":{"line":26,"column":null}},"type":"cond-expr","locations":[{"start":{"line":26,"column":38},"end":{"line":26,"column":55}},{"start":{"line":26,"column":55},"end":{"line":26,"column":null}}],"line":26},"3":{"loc":{"start":{"line":33,"column":1},"end":{"line":33,"column":null}},"type":"if","locations":[{"start":{"line":33,"column":1},"end":{"line":33,"column":null}},{"start":{},"end":{}}],"line":33},"4":{"loc":{"start":{"line":34,"column":1},"end":{"line":34,"column":null}},"type":"if","locations":[{"start":{"line":34,"column":1},"end":{"line":34,"column":null}},{"start":{},"end":{}}],"line":34},"5":{"loc":{"start":{"line":34,"column":48},"end":{"line":34,"column":73}},"type":"cond-expr","locations":[{"start":{"line":34,"column":65},"end":{"line":34,"column":70}},{"start":{"line":34,"column":70},"end":{"line":34,"column":73}}],"line":34},"6":{"loc":{"start":{"line":35,"column":1},"end":{"line":35,"column":null}},"type":"if","locations":[{"start":{"line":35,"column":1},"end":{"line":35,"column":null}},{"start":{},"end":{}}],"line":35},"7":{"loc":{"start":{"line":35,"column":48},"end":{"line":35,"column":74}},"type":"cond-expr","locations":[{"start":{"line":35,"column":66},"end":{"line":35,"column":71}},{"start":{"line":35,"column":71},"end":{"line":35,"column":74}}],"line":35},"8":{"loc":{"start":{"line":36,"column":1},"end":{"line":36,"column":null}},"type":"if","locations":[{"start":{"line":36,"column":1},"end":{"line":36,"column":null}},{"start":{},"end":{}}],"line":36},"9":{"loc":{"start":{"line":36,"column":45},"end":{"line":36,"column":70}},"type":"cond-expr","locations":[{"start":{"line":36,"column":62},"end":{"line":36,"column":67}},{"start":{"line":36,"column":67},"end":{"line":36,"column":70}}],"line":36}},"s":{"0":6,"1":6,"2":4,"3":4,"4":9,"5":9,"6":9,"7":9,"8":9,"9":9,"10":9,"11":1,"12":8,"13":8,"14":5,"15":5,"16":3,"17":3,"18":1},"f":{"0":6,"1":4,"2":9},"b":{"0":[4,2],"1":[3,1],"2":[1,8],"3":[1,8],"4":[3,5],"5":[1,2],"6":[2,3],"7":[1,1],"8":[2,1],"9":[1,1]},"meta":{"lastBranch":10,"lastFunction":3,"lastStatement":19,"seen":{"f:5:16:5:27":0,"s:6:11:6:Infinity":0,"b:6:38:6:55:6:55:6:Infinity":0,"s:7:1:11:Infinity":1,"f:14:16:14:31":1,"s:15:11:15:Infinity":2,"b:15:38:15:55:15:55:15:Infinity":1,"s:16:1:22:Infinity":3,"f:25:16:25:35":2,"s:26:11:26:Infinity":4,"b:26:38:26:55:26:55:26:Infinity":2,"s:27:13:27:Infinity":5,"s:28:16:28:Infinity":6,"s:29:18:29:Infinity":7,"s:30:19:30:Infinity":8,"s:31:18:31:Infinity":9,"b:33:1:33:Infinity:undefined:undefined:undefined:undefined":3,"s:33:1:33:Infinity":10,"s:33:19:33:Infinity":11,"b:34:1:34:Infinity:undefined:undefined:undefined:undefined":4,"s:34:1:34:Infinity":12,"s:34:20:34:Infinity":13,"b:34:65:34:70:34:70:34:73":5,"b:35:1:35:Infinity:undefined:undefined:undefined:undefined":6,"s:35:1:35:Infinity":14,"s:35:21:35:Infinity":15,"b:35:66:35:71:35:71:35:74":7,"b:36:1:36:Infinity:undefined:undefined:undefined:undefined":8,"s:36:1:36:Infinity":16,"s:36:20:36:Infinity":17,"b:36:62:36:67:36:67:36:70":9,"s:38:1:38:Infinity":18}}}
,"D:\\proj\\SW_inventory\\SW_inventory\\src\\lib\\utils\\version-parser.ts": {"path":"D:\\proj\\SW_inventory\\SW_inventory\\src\\lib\\utils\\version-parser.ts","statementMap":{"0":{"start":{"line":14,"column":18},"end":{"line":23,"column":null}},"1":{"start":{"line":25,"column":1},"end":{"line":33,"column":null}},"2":{"start":{"line":26,"column":16},"end":{"line":26,"column":null}},"3":{"start":{"line":27,"column":2},"end":{"line":32,"column":null}},"4":{"start":{"line":28,"column":3},"end":{"line":31,"column":null}},"5":{"start":{"line":36,"column":1},"end":{"line":39,"column":null}},"6":{"start":{"line":47,"column":16},"end":{"line":47,"column":null}},"7":{"start":{"line":47,"column":50},"end":{"line":47,"column":51}},"8":{"start":{"line":47,"column":62},"end":{"line":47,"column":78}},"9":{"start":{"line":48,"column":16},"end":{"line":48,"column":null}},"10":{"start":{"line":48,"column":50},"end":{"line":48,"column":51}},"11":{"start":{"line":48,"column":62},"end":{"line":48,"column":78}},"12":{"start":{"line":50,"column":19},"end":{"line":50,"column":null}},"13":{"start":{"line":52,"column":1},"end":{"line":58,"column":null}},"14":{"start":{"line":52,"column":14},"end":{"line":52,"column":17}},"15":{"start":{"line":53,"column":13},"end":{"line":53,"column":null}},"16":{"start":{"line":54,"column":13},"end":{"line":54,"column":null}},"17":{"start":{"line":56,"column":2},"end":{"line":56,"column":null}},"18":{"start":{"line":56,"column":15},"end":{"line":56,"column":null}},"19":{"start":{"line":57,"column":2},"end":{"line":57,"column":null}},"20":{"start":{"line":57,"column":15},"end":{"line":57,"column":null}},"21":{"start":{"line":60,"column":1},"end":{"line":60,"column":null}},"22":{"start":{"line":68,"column":1},"end":{"line":68,"column":null}},"23":{"start":{"line":68,"column":17},"end":{"line":68,"column":null}},"24":{"start":{"line":69,"column":1},"end":{"line":69,"column":null}},"25":{"start":{"line":69,"column":10},"end":{"line":69,"column":null}},"26":{"start":{"line":70,"column":1},"end":{"line":70,"column":null}},"27":{"start":{"line":70,"column":10},"end":{"line":70,"column":null}},"28":{"start":{"line":72,"column":14},"end":{"line":72,"column":null}},"29":{"start":{"line":73,"column":14},"end":{"line":73,"column":null}},"30":{"start":{"line":75,"column":1},"end":{"line":75,"column":null}},"31":{"start":{"line":75,"column":18},"end":{"line":75,"column":null}},"32":{"start":{"line":76,"column":1},"end":{"line":76,"column":null}},"33":{"start":{"line":76,"column":18},"end":{"line":76,"column":null}},"34":{"start":{"line":77,"column":1},"end":{"line":77,"column":null}},"35":{"start":{"line":85,"column":24},"end":{"line":85,"column":null}},"36":{"start":{"line":86,"column":1},"end":{"line":86,"column":null}},"37":{"start":{"line":86,"column":27},"end":{"line":86,"column":null}},"38":{"start":{"line":88,"column":1},"end":{"line":88,"column":null}},"39":{"start":{"line":95,"column":1},"end":{"line":95,"column":null}},"40":{"start":{"line":95,"column":10},"end":{"line":95,"column":null}},"41":{"start":{"line":96,"column":14},"end":{"line":96,"column":null}},"42":{"start":{"line":97,"column":1},"end":{"line":99,"column":null}},"43":{"start":{"line":98,"column":2},"end":{"line":98,"column":null}},"44":{"start":{"line":100,"column":1},"end":{"line":100,"column":null}},"45":{"start":{"line":111,"column":20},"end":{"line":111,"column":null}},"46":{"start":{"line":113,"column":1},"end":{"line":119,"column":null}},"47":{"start":{"line":115,"column":2},"end":{"line":115,"column":null}},"48":{"start":{"line":118,"column":2},"end":{"line":118,"column":null}}},"fnMap":{"0":{"name":"parseVendorDesignation","decl":{"start":{"line":13,"column":16},"end":{"line":13,"column":39}},"loc":{"start":{"line":13,"column":77},"end":{"line":40,"column":null}},"line":13},"1":{"name":"compareVersions","decl":{"start":{"line":46,"column":16},"end":{"line":46,"column":32}},"loc":{"start":{"line":46,"column":64},"end":{"line":61,"column":null}},"line":46},"2":{"name":"(anonymous_2)","decl":{"start":{"line":47,"column":45},"end":{"line":47,"column":50}},"loc":{"start":{"line":47,"column":50},"end":{"line":47,"column":51}},"line":47},"3":{"name":"(anonymous_3)","decl":{"start":{"line":47,"column":57},"end":{"line":47,"column":62}},"loc":{"start":{"line":47,"column":62},"end":{"line":47,"column":78}},"line":47},"4":{"name":"(anonymous_4)","decl":{"start":{"line":48,"column":45},"end":{"line":48,"column":50}},"loc":{"start":{"line":48,"column":50},"end":{"line":48,"column":51}},"line":48},"5":{"name":"(anonymous_5)","decl":{"start":{"line":48,"column":57},"end":{"line":48,"column":62}},"loc":{"start":{"line":48,"column":62},"end":{"line":48,"column":78}},"line":48},"6":{"name":"comparePtfLevels","decl":{"start":{"line":67,"column":16},"end":{"line":67,"column":33}},"loc":{"start":{"line":67,"column":89},"end":{"line":78,"column":null}},"line":67},"7":{"name":"compareSoftwareVersions","decl":{"start":{"line":84,"column":16},"end":{"line":84,"column":40}},"loc":{"start":{"line":84,"column":92},"end":{"line":89,"column":null}},"line":84},"8":{"name":"formatSoftwareVersion","decl":{"start":{"line":94,"column":16},"end":{"line":94,"column":38}},"loc":{"start":{"line":94,"column":86},"end":{"line":101,"column":null}},"line":94},"9":{"name":"isVersionCompatible","decl":{"start":{"line":106,"column":16},"end":{"line":106,"column":null}},"loc":{"start":{"line":110,"column":11},"end":{"line":120,"column":null}},"line":110}},"branchMap":{"0":{"loc":{"start":{"line":27,"column":2},"end":{"line":32,"column":null}},"type":"if","locations":[{"start":{"line":27,"column":2},"end":{"line":32,"column":null}},{"start":{},"end":{}}],"line":27},"1":{"loc":{"start":{"line":47,"column":62},"end":{"line":47,"column":78}},"type":"binary-expr","locations":[{"start":{"line":47,"column":62},"end":{"line":47,"column":77}},{"start":{"line":47,"column":77},"end":{"line":47,"column":78}}],"line":47},"2":{"loc":{"start":{"line":48,"column":62},"end":{"line":48,"column":78}},"type":"binary-expr","locations":[{"start":{"line":48,"column":62},"end":{"line":48,"column":77}},{"start":{"line":48,"column":77},"end":{"line":48,"column":78}}],"line":48},"3":{"loc":{"start":{"line":53,"column":13},"end":{"line":53,"column":null}},"type":"binary-expr","locations":[{"start":{"line":53,"column":13},"end":{"line":53,"column":26}},{"start":{"line":53,"column":26},"end":{"line":53,"column":null}}],"line":53},"4":{"loc":{"start":{"line":54,"column":13},"end":{"line":54,"column":null}},"type":"binary-expr","locations":[{"start":{"line":54,"column":13},"end":{"line":54,"column":26}},{"start":{"line":54,"column":26},"end":{"line":54,"column":null}}],"line":54},"5":{"loc":{"start":{"line":56,"column":2},"end":{"line":56,"column":null}},"type":"if","locations":[{"start":{"line":56,"column":2},"end":{"line":56,"column":null}},{"start":{},"end":{}}],"line":56},"6":{"loc":{"start":{"line":57,"column":2},"end":{"line":57,"column":null}},"type":"if","locations":[{"start":{"line":57,"column":2},"end":{"line":57,"column":null}},{"start":{},"end":{}}],"line":57},"7":{"loc":{"start":{"line":68,"column":1},"end":{"line":68,"column":null}},"type":"if","locations":[{"start":{"line":68,"column":1},"end":{"line":68,"column":null}},{"start":{},"end":{}}],"line":68},"8":{"loc":{"start":{"line":68,"column":5},"end":{"line":68,"column":17}},"type":"binary-expr","locations":[{"start":{"line":68,"column":5},"end":{"line":68,"column":12}},{"start":{"line":68,"column":12},"end":{"line":68,"column":17}}],"line":68},"9":{"loc":{"start":{"line":69,"column":1},"end":{"line":69,"column":null}},"type":"if","locations":[{"start":{"line":69,"column":1},"end":{"line":69,"column":null}},{"start":{},"end":{}}],"line":69},"10":{"loc":{"start":{"line":70,"column":1},"end":{"line":70,"column":null}},"type":"if","locations":[{"start":{"line":70,"column":1},"end":{"line":70,"column":null}},{"start":{},"end":{}}],"line":70},"11":{"loc":{"start":{"line":75,"column":1},"end":{"line":75,"column":null}},"type":"if","locations":[{"start":{"line":75,"column":1},"end":{"line":75,"column":null}},{"start":{},"end":{}}],"line":75},"12":{"loc":{"start":{"line":76,"column":1},"end":{"line":76,"column":null}},"type":"if","locations":[{"start":{"line":76,"column":1},"end":{"line":76,"column":null}},{"start":{},"end":{}}],"line":76},"13":{"loc":{"start":{"line":86,"column":1},"end":{"line":86,"column":null}},"type":"if","locations":[{"start":{"line":86,"column":1},"end":{"line":86,"column":null}},{"start":{},"end":{}}],"line":86},"14":{"loc":{"start":{"line":95,"column":1},"end":{"line":95,"column":null}},"type":"if","locations":[{"start":{"line":95,"column":1},"end":{"line":95,"column":null}},{"start":{},"end":{}}],"line":95},"15":{"loc":{"start":{"line":96,"column":14},"end":{"line":96,"column":null}},"type":"binary-expr","locations":[{"start":{"line":96,"column":14},"end":{"line":96,"column":38}},{"start":{"line":96,"column":38},"end":{"line":96,"column":null}}],"line":96},"16":{"loc":{"start":{"line":97,"column":1},"end":{"line":99,"column":null}},"type":"if","locations":[{"start":{"line":97,"column":1},"end":{"line":99,"column":null}},{"start":{},"end":{}}],"line":97},"17":{"loc":{"start":{"line":109,"column":1},"end":{"line":109,"column":null}},"type":"default-arg","locations":[{"start":{"line":109,"column":19},"end":{"line":109,"column":null}}],"line":109},"18":{"loc":{"start":{"line":113,"column":1},"end":{"line":119,"column":null}},"type":"if","locations":[{"start":{"line":113,"column":1},"end":{"line":119,"column":null}},{"start":{"line":116,"column":8},"end":{"line":119,"column":null}}],"line":113}},"s":{"0":6,"1":6,"2":23,"3":23,"4":2,"5":4,"6":15,"7":54,"8":45,"9":15,"10":54,"11":45,"12":15,"13":15,"14":15,"15":33,"16":33,"17":33,"18":4,"19":29,"20":6,"21":5,"22":11,"23":2,"24":9,"25":1,"26":8,"27":1,"28":7,"29":7,"30":7,"31":2,"32":5,"33":3,"34":2,"35":7,"36":7,"37":4,"38":3,"39":0,"40":0,"41":0,"42":0,"43":0,"44":0,"45":7,"46":7,"47":2,"48":5},"f":{"0":6,"1":15,"2":54,"3":45,"4":54,"5":45,"6":11,"7":7,"8":0,"9":7},"b":{"0":[2,21],"1":[45,16],"2":[45,15],"3":[33,5],"4":[33,5],"5":[4,29],"6":[6,23],"7":[2,9],"8":[11,3],"9":[1,8],"10":[1,7],"11":[2,5],"12":[3,2],"13":[4,3],"14":[0,0],"15":[0,0],"16":[0,0],"17":[7],"18":[2,5]},"meta":{"lastBranch":19,"lastFunction":10,"lastStatement":49,"seen":{"f:13:16:13:39":0,"s:14:18:23:Infinity":0,"s:25:1:33:Infinity":1,"s:26:16:26:Infinity":2,"b:27:2:32:Infinity:undefined:undefined:undefined:undefined":0,"s:27:2:32:Infinity":3,"s:28:3:31:Infinity":4,"s:36:1:39:Infinity":5,"f:46:16:46:32":1,"s:47:16:47:Infinity":6,"f:47:45:47:50":2,"s:47:50:47:51":7,"f:47:57:47:62":3,"s:47:62:47:78":8,"b:47:62:47:77:47:77:47:78":1,"s:48:16:48:Infinity":9,"f:48:45:48:50":4,"s:48:50:48:51":10,"f:48:57:48:62":5,"s:48:62:48:78":11,"b:48:62:48:77:48:77:48:78":2,"s:50:19:50:Infinity":12,"s:52:1:58:Infinity":13,"s:52:14:52:17":14,"s:53:13:53:Infinity":15,"b:53:13:53:26:53:26:53:Infinity":3,"s:54:13:54:Infinity":16,"b:54:13:54:26:54:26:54:Infinity":4,"b:56:2:56:Infinity:undefined:undefined:undefined:undefined":5,"s:56:2:56:Infinity":17,"s:56:15:56:Infinity":18,"b:57:2:57:Infinity:undefined:undefined:undefined:undefined":6,"s:57:2:57:Infinity":19,"s:57:15:57:Infinity":20,"s:60:1:60:Infinity":21,"f:67:16:67:33":6,"b:68:1:68:Infinity:undefined:undefined:undefined:undefined":7,"s:68:1:68:Infinity":22,"b:68:5:68:12:68:12:68:17":8,"s:68:17:68:Infinity":23,"b:69:1:69:Infinity:undefined:undefined:undefined:undefined":9,"s:69:1:69:Infinity":24,"s:69:10:69:Infinity":25,"b:70:1:70:Infinity:undefined:undefined:undefined:undefined":10,"s:70:1:70:Infinity":26,"s:70:10:70:Infinity":27,"s:72:14:72:Infinity":28,"s:73:14:73:Infinity":29,"b:75:1:75:Infinity:undefined:undefined:undefined:undefined":11,"s:75:1:75:Infinity":30,"s:75:18:75:Infinity":31,"b:76:1:76:Infinity:undefined:undefined:undefined:undefined":12,"s:76:1:76:Infinity":32,"s:76:18:76:Infinity":33,"s:77:1:77:Infinity":34,"f:84:16:84:40":7,"s:85:24:85:Infinity":35,"b:86:1:86:Infinity:undefined:undefined:undefined:undefined":13,"s:86:1:86:Infinity":36,"s:86:27:86:Infinity":37,"s:88:1:88:Infinity":38,"f:94:16:94:38":8,"b:95:1:95:Infinity:undefined:undefined:undefined:undefined":14,"s:95:1:95:Infinity":39,"s:95:10:95:Infinity":40,"s:96:14:96:Infinity":41,"b:96:14:96:38:96:38:96:Infinity":15,"b:97:1:99:Infinity:undefined:undefined:undefined:undefined":16,"s:97:1:99:Infinity":42,"s:98:2:98:Infinity":43,"s:100:1:100:Infinity":44,"f:106:16:106:Infinity":9,"b:109:19:109:Infinity":17,"s:111:20:111:Infinity":45,"b:113:1:119:Infinity:116:8:119:Infinity":18,"s:113:1:119:Infinity":46,"s:115:2:115:Infinity":47,"s:118:2:118:Infinity":48}}}
}
